2018-08-26T22:08:18.510+0300 I CONTROL  [main] ***** SERVER RESTARTED *****
2018-08-26T22:08:29.659+0300 I CONTROL  [main] Trying to start Windows service 'MongoDB'
2018-08-26T22:08:29.715+0300 I CONTROL  [initandlisten] MongoDB starting : pid=4456 port=27017 dbpath=C:\Program Files\MongoDB\Server\4.0\data 64-bit host=LAPTOP-8D2L0V1E
2018-08-26T22:08:29.715+0300 I CONTROL  [initandlisten] targetMinOS: Windows 7/Windows Server 2008 R2
2018-08-26T22:08:29.715+0300 I CONTROL  [initandlisten] db version v4.0.1
2018-08-26T22:08:29.715+0300 I CONTROL  [initandlisten] git version: 54f1582fc6eb01de4d4c42f26fc133e623f065fb
2018-08-26T22:08:29.715+0300 I CONTROL  [initandlisten] allocator: tcmalloc
2018-08-26T22:08:29.715+0300 I CONTROL  [initandlisten] modules: none
2018-08-26T22:08:29.829+0300 I CONTROL  [initandlisten] build environment:
2018-08-26T22:08:29.829+0300 I CONTROL  [initandlisten]     distmod: 2008plus-ssl
2018-08-26T22:08:29.829+0300 I CONTROL  [initandlisten]     distarch: x86_64
2018-08-26T22:08:29.829+0300 I CONTROL  [initandlisten]     target_arch: x86_64
2018-08-26T22:08:29.829+0300 I CONTROL  [initandlisten] options: { config: "C:\Program Files\MongoDB\Server\4.0\bin\mongod.cfg", net: { bindIp: "127.0.0.1", port: 27017 }, service: true, storage: { dbPath: "C:\Program Files\MongoDB\Server\4.0\data", journal: { enabled: true } }, systemLog: { destination: "file", logAppend: true, path: "C:\Program Files\MongoDB\Server\4.0\log\mongod.log" } }
2018-08-26T22:08:30.541+0300 I STORAGE  [initandlisten] wiredtiger_open config: create,cache_size=1434M,session_max=20000,eviction=(threads_min=4,threads_max=4),config_base=false,statistics=(fast),log=(enabled=true,archive=true,path=journal,compressor=snappy),file_manager=(close_idle_time=100000),statistics_log=(wait=0),verbose=(recovery_progress),
2018-08-26T22:08:34.456+0300 I STORAGE  [initandlisten] WiredTiger message [1535310514:455654][4456:140723873332304], txn-recover: Set global recovery timestamp: 0
2018-08-26T22:08:36.375+0300 I RECOVERY [initandlisten] WiredTiger recoveryTimestamp. Ts: Timestamp(0, 0)
2018-08-26T22:08:40.174+0300 I CONTROL  [initandlisten] 
2018-08-26T22:08:40.174+0300 I CONTROL  [initandlisten] ** WARNING: Access control is not enabled for the database.
2018-08-26T22:08:40.174+0300 I CONTROL  [initandlisten] **          Read and write access to data and configuration is unrestricted.
2018-08-26T22:08:40.174+0300 I CONTROL  [initandlisten] 
2018-08-26T22:08:43.312+0300 I STORAGE  [initandlisten] createCollection: admin.system.version with provided UUID: 5b9a4b2d-cad9-490d-929a-3fc66600460e
2018-08-26T22:08:48.792+0300 I COMMAND  [initandlisten] setting featureCompatibilityVersion to 4.0
2018-08-26T22:08:50.491+0300 I STORAGE  [initandlisten] createCollection: local.startup_log with generated UUID: af0aadfb-046f-449e-8301-9ed55e471436
2018-08-26T22:09:10.626+0300 W FTDC     [initandlisten] Failed to initialize Performance Counters for FTDC: WindowsPdhError: PdhExpandCounterPathW failed with 'Указанные объекты не найдены на этом компьютере.' for counter '\Memory\Available Bytes'
2018-08-26T22:09:10.660+0300 I FTDC     [initandlisten] Initializing full-time diagnostic data capture with directory 'C:/Program Files/MongoDB/Server/4.0/data/diagnostic.data'
2018-08-26T22:09:11.249+0300 I NETWORK  [initandlisten] waiting for connections on port 27017
2018-08-26T22:09:11.257+0300 I STORAGE  [LogicalSessionCacheRefresh] createCollection: config.system.sessions with generated UUID: ec9ee75e-149a-4540-9657-d93420d88ea9
2018-08-26T22:09:11.539+0300 I STORAGE  [initandlisten] Service running
2018-08-26T22:09:12.437+0300 I INDEX    [LogicalSessionCacheRefresh] build index on: config.system.sessions properties: { v: 2, key: { lastUse: 1 }, name: "lsidTTLIndex", ns: "config.system.sessions", expireAfterSeconds: 1800 }
2018-08-26T22:09:12.437+0300 I INDEX    [LogicalSessionCacheRefresh] 	 building index using bulk method; build may temporarily use up to 500 megabytes of RAM
2018-08-26T22:09:13.381+0300 I INDEX    [LogicalSessionCacheRefresh] build index done.  scanned 0 total records. 0 secs
2018-08-26T22:09:13.505+0300 I COMMAND  [LogicalSessionCacheRefresh] command config.$cmd command: createIndexes { createIndexes: "system.sessions", indexes: [ { key: { lastUse: 1 }, name: "lsidTTLIndex", expireAfterSeconds: 1800 } ], $db: "config" } numYields:0 reslen:114 locks:{ Global: { acquireCount: { r: 1, w: 1 } }, Database: { acquireCount: { W: 1 } }, Collection: { acquireCount: { w: 1 } } } protocol:op_msg 2138ms
2018-08-26T22:21:28.972+0300 I NETWORK  [listener] connection accepted from 127.0.0.1:50396 #1 (1 connection now open)
2018-08-26T22:21:29.014+0300 I NETWORK  [conn1] received client metadata from 127.0.0.1:50396 conn1: { application: { name: "MongoDB Shell" }, driver: { name: "MongoDB Internal Client", version: "4.0.1" }, os: { type: "Windows", name: "Microsoft Windows 10", architecture: "x86_64", version: "10.0 (build 17134)" } }
2018-08-26T22:21:29.193+0300 I COMMAND  [conn1] command admin.$cmd appName: "MongoDB Shell" command: replSetGetStatus { replSetGetStatus: 1.0, forShell: 1.0, $db: "admin" } numYields:0 ok:0 errMsg:"not running with --replSet" errName:NoReplicationEnabled errCode:76 reslen:122 locks:{} protocol:op_msg 139ms
2018-08-26T22:24:11.434+0300 I WRITE    [LogicalSessionCacheRefresh] update config.system.sessions command: { q: { _id: { id: UUID("5f3671a3-589e-4397-8b1a-24565701a35b"), uid: BinData(0, E3B0C44298FC1C149AFBF4C8996FB92427AE41E4649B934CA495991B7852B855) } }, u: { $currentDate: { lastUse: true } }, multi: false, upsert: true } planSummary: IDHACK keysExamined:0 docsExamined:0 nMatched:0 nModified:0 upsert:1 keysInserted:2 numYields:1 locks:{ Global: { acquireCount: { r: 3, w: 3 } }, Database: { acquireCount: { w: 2, W: 1 } }, Collection: { acquireCount: { w: 2 } } } 104ms
2018-08-26T22:24:11.443+0300 I COMMAND  [LogicalSessionCacheRefresh] command config.$cmd command: update { update: "system.sessions", ordered: false, allowImplicitCollectionCreation: false, writeConcern: { w: "majority", wtimeout: 15000 }, $db: "config" } numYields:0 reslen:171 locks:{ Global: { acquireCount: { r: 3, w: 3 } }, Database: { acquireCount: { w: 2, W: 1 } }, Collection: { acquireCount: { w: 2 } } } protocol:op_msg 119ms
2018-08-26T22:31:57.342+0300 I NETWORK  [listener] connection accepted from 127.0.0.1:50521 #2 (2 connections now open)
2018-08-26T22:31:57.343+0300 I NETWORK  [conn2] received client metadata from 127.0.0.1:50521 conn2: { application: { name: "MongoDB Shell" }, driver: { name: "MongoDB Internal Client", version: "4.0.1" }, os: { type: "Windows", name: "Microsoft Windows 10", architecture: "x86_64", version: "10.0 (build 17134)" } }
2018-08-26T22:32:34.493+0300 I STORAGE  [conn2] createCollection: mongoblog.users with generated UUID: 12fe275e-fe02-4e9d-be23-42ac53bff459
2018-08-26T22:32:34.743+0300 I COMMAND  [conn2] command mongoblog.users appName: "MongoDB Shell" command: insert { insert: "users", ordered: true, lsid: { id: UUID("e374464b-2aad-423e-9958-8f768d7d2bda") }, $db: "mongoblog" } ninserted:1 keysInserted:1 numYields:0 reslen:45 locks:{ Global: { acquireCount: { r: 3, w: 3 } }, Database: { acquireCount: { w: 2, W: 1 } }, Collection: { acquireCount: { w: 2 } } } protocol:op_msg 283ms
2018-08-26T22:42:33.507+0300 I NETWORK  [conn2] end connection 127.0.0.1:50521 (0 connections now open)
2018-08-26T22:42:33.507+0300 I NETWORK  [conn1] end connection 127.0.0.1:50396 (1 connection now open)
